Determining if the function crc32c_value exists in the crc32c failed with the following output:
Change Dir: /home/sheng/WorkSpace/leveldb/cmake-build-debug/CMakeFiles/CMakeTmp

Run Build Command:"/usr/bin/make" "cmTC_c39e5/fast"
/usr/bin/make -f CMakeFiles/cmTC_c39e5.dir/build.make CMakeFiles/cmTC_c39e5.dir/build
make[1]: Entering directory '/home/sheng/WorkSpace/leveldb/cmake-build-debug/CMakeFiles/CMakeTmp'
Building C object CMakeFiles/cmTC_c39e5.dir/CheckFunctionExists.c.o
/usr/bin/cc   -DCHECK_FUNCTION_EXISTS=crc32c_value   -std=c11 -o CMakeFiles/cmTC_c39e5.dir/CheckFunctionExists.c.o   -c /usr/share/cmake-3.13/Modules/CheckFunctionExists.c
Linking C executable cmTC_c39e5
/usr/bin/cmake -E cmake_link_script CMakeFiles/cmTC_c39e5.dir/link.txt --verbose=1
/usr/bin/cc  -DCHECK_FUNCTION_EXISTS=crc32c_value    CMakeFiles/cmTC_c39e5.dir/CheckFunctionExists.c.o  -o cmTC_c39e5 -lcrc32c 
/usr/bin/ld: cannot find -lcrc32c
collect2: error: ld returned 1 exit status
make[1]: *** [CMakeFiles/cmTC_c39e5.dir/build.make:87: cmTC_c39e5] Error 1
make[1]: Leaving directory '/home/sheng/WorkSpace/leveldb/cmake-build-debug/CMakeFiles/CMakeTmp'
make: *** [Makefile:121: cmTC_c39e5/fast] Error 2


Determining if the function snappy_compress exists in the snappy failed with the following output:
Change Dir: /home/sheng/WorkSpace/leveldb/cmake-build-debug/CMakeFiles/CMakeTmp

Run Build Command:"/usr/bin/make" "cmTC_fac28/fast"
/usr/bin/make -f CMakeFiles/cmTC_fac28.dir/build.make CMakeFiles/cmTC_fac28.dir/build
make[1]: Entering directory '/home/sheng/WorkSpace/leveldb/cmake-build-debug/CMakeFiles/CMakeTmp'
Building C object CMakeFiles/cmTC_fac28.dir/CheckFunctionExists.c.o
/usr/bin/cc   -DCHECK_FUNCTION_EXISTS=snappy_compress   -std=c11 -o CMakeFiles/cmTC_fac28.dir/CheckFunctionExists.c.o   -c /usr/share/cmake-3.13/Modules/CheckFunctionExists.c
Linking C executable cmTC_fac28
/usr/bin/cmake -E cmake_link_script CMakeFiles/cmTC_fac28.dir/link.txt --verbose=1
/usr/bin/cc  -DCHECK_FUNCTION_EXISTS=snappy_compress    CMakeFiles/cmTC_fac28.dir/CheckFunctionExists.c.o  -o cmTC_fac28 -lsnappy 
/usr/bin/ld: cannot find -lsnappy
collect2: error: ld returned 1 exit status
make[1]: *** [CMakeFiles/cmTC_fac28.dir/build.make:87: cmTC_fac28] Error 1
make[1]: Leaving directory '/home/sheng/WorkSpace/leveldb/cmake-build-debug/CMakeFiles/CMakeTmp'
make: *** [Makefile:121: cmTC_fac28/fast] Error 2


Determining if the function malloc exists in the tcmalloc failed with the following output:
Change Dir: /home/sheng/WorkSpace/leveldb/cmake-build-debug/CMakeFiles/CMakeTmp

Run Build Command:"/usr/bin/make" "cmTC_56e7f/fast"
/usr/bin/make -f CMakeFiles/cmTC_56e7f.dir/build.make CMakeFiles/cmTC_56e7f.dir/build
make[1]: Entering directory '/home/sheng/WorkSpace/leveldb/cmake-build-debug/CMakeFiles/CMakeTmp'
Building C object CMakeFiles/cmTC_56e7f.dir/CheckFunctionExists.c.o
/usr/bin/cc   -DCHECK_FUNCTION_EXISTS=malloc   -std=c11 -o CMakeFiles/cmTC_56e7f.dir/CheckFunctionExists.c.o   -c /usr/share/cmake-3.13/Modules/CheckFunctionExists.c
<command-line>: warning: conflicting types for built-in function ‘malloc’ [-Wbuiltin-declaration-mismatch]
/usr/share/cmake-3.13/Modules/CheckFunctionExists.c:7:3: note: in expansion of macro ‘CHECK_FUNCTION_EXISTS’
   CHECK_FUNCTION_EXISTS(void);
   ^~~~~~~~~~~~~~~~~~~~~
Linking C executable cmTC_56e7f
/usr/bin/cmake -E cmake_link_script CMakeFiles/cmTC_56e7f.dir/link.txt --verbose=1
/usr/bin/cc  -DCHECK_FUNCTION_EXISTS=malloc    CMakeFiles/cmTC_56e7f.dir/CheckFunctionExists.c.o  -o cmTC_56e7f -ltcmalloc 
/usr/bin/ld: cannot find -ltcmalloc
collect2: error: ld returned 1 exit status
make[1]: *** [CMakeFiles/cmTC_56e7f.dir/build.make:87: cmTC_56e7f] Error 1
make[1]: Leaving directory '/home/sheng/WorkSpace/leveldb/cmake-build-debug/CMakeFiles/CMakeTmp'
make: *** [Makefile:121: cmTC_56e7f/fast] Error 2


Determining if the F_FULLFSYNC exist failed with the following output:
Change Dir: /home/sheng/WorkSpace/leveldb/cmake-build-debug/CMakeFiles/CMakeTmp

Run Build Command:"/usr/bin/make" "cmTC_c5df8/fast"
/usr/bin/make -f CMakeFiles/cmTC_c5df8.dir/build.make CMakeFiles/cmTC_c5df8.dir/build
make[1]: Entering directory '/home/sheng/WorkSpace/leveldb/cmake-build-debug/CMakeFiles/CMakeTmp'
Building CXX object CMakeFiles/cmTC_c5df8.dir/CheckSymbolExists.cxx.o
/usr/bin/c++    -std=c++11 -o CMakeFiles/cmTC_c5df8.dir/CheckSymbolExists.cxx.o -c /home/sheng/WorkSpace/leveldb/cmake-build-debug/CMakeFiles/CMakeTmp/CheckSymbolExists.cxx
/home/sheng/WorkSpace/leveldb/cmake-build-debug/CMakeFiles/CMakeTmp/CheckSymbolExists.cxx: In function ‘int main(int, char**)’:
/home/sheng/WorkSpace/leveldb/cmake-build-debug/CMakeFiles/CMakeTmp/CheckSymbolExists.cxx:8:19: error: ‘F_FULLFSYNC’ was not declared in this scope
   return ((int*)(&F_FULLFSYNC))[argc];
                   ^~~~~~~~~~~
/home/sheng/WorkSpace/leveldb/cmake-build-debug/CMakeFiles/CMakeTmp/CheckSymbolExists.cxx:8:19: note: suggested alternative: ‘O_FSYNC’
   return ((int*)(&F_FULLFSYNC))[argc];
                   ^~~~~~~~~~~
                   O_FSYNC
make[1]: *** [CMakeFiles/cmTC_c5df8.dir/build.make:66: CMakeFiles/cmTC_c5df8.dir/CheckSymbolExists.cxx.o] Error 1
make[1]: Leaving directory '/home/sheng/WorkSpace/leveldb/cmake-build-debug/CMakeFiles/CMakeTmp'
make: *** [Makefile:121: cmTC_c5df8/fast] Error 2

File /home/sheng/WorkSpace/leveldb/cmake-build-debug/CMakeFiles/CMakeTmp/CheckSymbolExists.cxx:
/* */
#include <fcntl.h>

int main(int argc, char** argv)
{
  (void)argv;
#ifndef F_FULLFSYNC
  return ((int*)(&F_FULLFSYNC))[argc];
#else
  (void)argc;
  return 0;
#endif
}

Performing C++ SOURCE FILE Test HAVE_CLANG_THREAD_SAFETY failed with the following output:
Change Dir: /home/sheng/WorkSpace/leveldb/cmake-build-debug/CMakeFiles/CMakeTmp

Run Build Command:"/usr/bin/make" "cmTC_27d4b/fast"
/usr/bin/make -f CMakeFiles/cmTC_27d4b.dir/build.make CMakeFiles/cmTC_27d4b.dir/build
make[1]: Entering directory '/home/sheng/WorkSpace/leveldb/cmake-build-debug/CMakeFiles/CMakeTmp'
Building CXX object CMakeFiles/cmTC_27d4b.dir/src.cxx.o
/usr/bin/c++    -DHAVE_CLANG_THREAD_SAFETY -Werror   -std=c++11 -o CMakeFiles/cmTC_27d4b.dir/src.cxx.o -c /home/sheng/WorkSpace/leveldb/cmake-build-debug/CMakeFiles/CMakeTmp/src.cxx
/home/sheng/WorkSpace/leveldb/cmake-build-debug/CMakeFiles/CMakeTmp/src.cxx:2:34: error: ‘lockable’ attribute directive ignored [-Werror=attributes]
 struct __attribute__((lockable)) Lock {
                                  ^~~~
/home/sheng/WorkSpace/leveldb/cmake-build-debug/CMakeFiles/CMakeTmp/src.cxx:3:59: error: ‘exclusive_lock_function’ attribute directive ignored [-Werror=attributes]
   void Acquire() __attribute__((exclusive_lock_function()));
                                                           ^
/home/sheng/WorkSpace/leveldb/cmake-build-debug/CMakeFiles/CMakeTmp/src.cxx:4:51: error: ‘unlock_function’ attribute directive ignored [-Werror=attributes]
   void Release() __attribute__((unlock_function()));
                                                   ^
/home/sheng/WorkSpace/leveldb/cmake-build-debug/CMakeFiles/CMakeTmp/src.cxx:8:46: error: ‘guarded_by’ attribute directive ignored [-Werror=attributes]
   int data_ __attribute__((guarded_by(lock_)));
                                              ^
cc1plus: all warnings being treated as errors
make[1]: *** [CMakeFiles/cmTC_27d4b.dir/build.make:66: CMakeFiles/cmTC_27d4b.dir/src.cxx.o] Error 1
make[1]: Leaving directory '/home/sheng/WorkSpace/leveldb/cmake-build-debug/CMakeFiles/CMakeTmp'
make: *** [Makefile:121: cmTC_27d4b/fast] Error 2

Source file was:

struct __attribute__((lockable)) Lock {
  void Acquire() __attribute__((exclusive_lock_function()));
  void Release() __attribute__((unlock_function()));
};
struct ThreadSafeType {
  Lock lock_;
  int data_ __attribute__((guarded_by(lock_)));
};
int main() { return 0; }

Determining if the pthread_create exist failed with the following output:
Change Dir: /home/sheng/WorkSpace/leveldb/cmake-build-debug/CMakeFiles/CMakeTmp

Run Build Command:"/usr/bin/make" "cmTC_479d8/fast"
/usr/bin/make -f CMakeFiles/cmTC_479d8.dir/build.make CMakeFiles/cmTC_479d8.dir/build
make[1]: Entering directory '/home/sheng/WorkSpace/leveldb/cmake-build-debug/CMakeFiles/CMakeTmp'
Building C object CMakeFiles/cmTC_479d8.dir/CheckSymbolExists.c.o
/usr/bin/cc   -std=c11 -o CMakeFiles/cmTC_479d8.dir/CheckSymbolExists.c.o   -c /home/sheng/WorkSpace/leveldb/cmake-build-debug/CMakeFiles/CMakeTmp/CheckSymbolExists.c
Linking C executable cmTC_479d8
/usr/bin/cmake -E cmake_link_script CMakeFiles/cmTC_479d8.dir/link.txt --verbose=1
/usr/bin/cc      CMakeFiles/cmTC_479d8.dir/CheckSymbolExists.c.o  -o cmTC_479d8 
/usr/bin/ld: CMakeFiles/cmTC_479d8.dir/CheckSymbolExists.c.o: in function `main':
CheckSymbolExists.c:(.text+0x1b): undefined reference to `pthread_create'
collect2: error: ld returned 1 exit status
make[1]: *** [CMakeFiles/cmTC_479d8.dir/build.make:87: cmTC_479d8] Error 1
make[1]: Leaving directory '/home/sheng/WorkSpace/leveldb/cmake-build-debug/CMakeFiles/CMakeTmp'
make: *** [Makefile:121: cmTC_479d8/fast] Error 2

File /home/sheng/WorkSpace/leveldb/cmake-build-debug/CMakeFiles/CMakeTmp/CheckSymbolExists.c:
/* */
#include <pthread.h>

int main(int argc, char** argv)
{
  (void)argv;
#ifndef pthread_create
  return ((int*)(&pthread_create))[argc];
#else
  (void)argc;
  return 0;
#endif
}

Determining if the function pthread_create exists in the pthreads failed with the following output:
Change Dir: /home/sheng/WorkSpace/leveldb/cmake-build-debug/CMakeFiles/CMakeTmp

Run Build Command:"/usr/bin/make" "cmTC_9adb7/fast"
/usr/bin/make -f CMakeFiles/cmTC_9adb7.dir/build.make CMakeFiles/cmTC_9adb7.dir/build
make[1]: Entering directory '/home/sheng/WorkSpace/leveldb/cmake-build-debug/CMakeFiles/CMakeTmp'
Building C object CMakeFiles/cmTC_9adb7.dir/CheckFunctionExists.c.o
/usr/bin/cc   -DCHECK_FUNCTION_EXISTS=pthread_create   -std=c11 -o CMakeFiles/cmTC_9adb7.dir/CheckFunctionExists.c.o   -c /usr/share/cmake-3.13/Modules/CheckFunctionExists.c
Linking C executable cmTC_9adb7
/usr/bin/cmake -E cmake_link_script CMakeFiles/cmTC_9adb7.dir/link.txt --verbose=1
/usr/bin/cc  -DCHECK_FUNCTION_EXISTS=pthread_create    CMakeFiles/cmTC_9adb7.dir/CheckFunctionExists.c.o  -o cmTC_9adb7 -lpthreads 
/usr/bin/ld: cannot find -lpthreads
collect2: error: ld returned 1 exit status
make[1]: *** [CMakeFiles/cmTC_9adb7.dir/build.make:87: cmTC_9adb7] Error 1
make[1]: Leaving directory '/home/sheng/WorkSpace/leveldb/cmake-build-debug/CMakeFiles/CMakeTmp'
make: *** [Makefile:121: cmTC_9adb7/fast] Error 2


Performing C++ SOURCE FILE Test HAVE_KYOTOCABINET failed with the following output:
Change Dir: /home/sheng/WorkSpace/leveldb/cmake-build-debug/CMakeFiles/CMakeTmp

Run Build Command:"/usr/bin/make" "cmTC_d2873/fast"
/usr/bin/make -f CMakeFiles/cmTC_d2873.dir/build.make CMakeFiles/cmTC_d2873.dir/build
make[1]: Entering directory '/home/sheng/WorkSpace/leveldb/cmake-build-debug/CMakeFiles/CMakeTmp'
Building CXX object CMakeFiles/cmTC_d2873.dir/src.cxx.o
/usr/bin/c++    -DHAVE_KYOTOCABINET   -std=c++11 -o CMakeFiles/cmTC_d2873.dir/src.cxx.o -c /home/sheng/WorkSpace/leveldb/cmake-build-debug/CMakeFiles/CMakeTmp/src.cxx
/home/sheng/WorkSpace/leveldb/cmake-build-debug/CMakeFiles/CMakeTmp/src.cxx:2:10: fatal error: kcpolydb.h: No such file or directory
 #include <kcpolydb.h>
          ^~~~~~~~~~~~
compilation terminated.
make[1]: *** [CMakeFiles/cmTC_d2873.dir/build.make:66: CMakeFiles/cmTC_d2873.dir/src.cxx.o] Error 1
make[1]: Leaving directory '/home/sheng/WorkSpace/leveldb/cmake-build-debug/CMakeFiles/CMakeTmp'
make: *** [Makefile:121: cmTC_d2873/fast] Error 2

Source file was:

#include <kcpolydb.h>

int main() {
  kyotocabinet::TreeDB* db = new kyotocabinet::TreeDB();
  delete db;
  return 0;
}
  
